C51 COMPILER V8.02   DELAY                                                                 09/02/2014 12:11:40 PAGE 1   


C51 COMPILER V8.02, COMPILATION OF MODULE DELAY
OBJECT MODULE PLACED IN .\list\delay.obj
COMPILER INVOKED BY: C:\Keil\C51\BIN\C51.EXE delay.c ROM(SMALL) BROWSE DEBUG OBJECTEXTEND PRINT(.\list\delay.lst) OBJECT
                    -(.\list\delay.obj)

line level    source

   1          /*---------------------------------------------------------------------*/
   2          /* --- STC MCU International Limited ----------------------------------*/
   3          /* --- STC 1T Series MCU Demo Programme -------------------------------*/
   4          /* --- Mobile: (86)13922805190 ----------------------------------------*/
   5          /* --- Fax: 86-0513-55012956,55012947,55012969 ------------------------*/
   6          /* --- Tel: 86-0513-55012928,55012929,55012966 ------------------------*/
   7          /* --- Web: www.GXWMCU.com --------------------------------------------*/
   8          /* --- QQ:  800003751 -------------------------------------------------*/
   9          /* 如果要在程序中使用此代码,请在程序中注明使用了宏晶科技的资料及程序   */
  10          /*---------------------------------------------------------------------*/
  11          
  12          /*************  功能说明        **************
  13          
  14          本文件为STC15xxx系列的端口初始化程序,用户几乎可以不修改这个程序.
  15          
  16          
  17          ******************************************/
  18          
  19          #include        "delay.h"
  20          
  21          
  22          
  23          //========================================================================
  24          // 函数: void  delay_ms(unsigned char ms)
  25          // 描述: 延时函数。
  26          // 参数: ms,要延时的ms数, 这里只支持1~255ms. 自动适应主时钟.
  27          // 返回: none.
  28          // 版本: VER1.0
  29          // 日期: 2013-4-1
  30          // 备注: 
  31          //========================================================================
  32          void  delay_ms(unsigned char ms)
  33          {
  34   1           unsigned int i;
  35   1               do{
  36   2                    i = MAIN_Fosc / 13000;
  37   2                        while(--i)    ;   //14T per loop
  38   2           }while(--ms);
  39   1      }


MODULE INFORMATION:   STATIC OVERLAYABLE
   CODE SIZE        =     16    ----
   CONSTANT SIZE    =   ----    ----
   XDATA SIZE       =   ----    ----
   PDATA SIZE       =   ----    ----
   DATA SIZE        =   ----    ----
   IDATA SIZE       =   ----    ----
   BIT SIZE         =   ----    ----
END OF MODULE INFORMATION.


C51 COMPILATION COMPLETE.  0 WARNING(S),  0 ERROR(S)
