execve("/usr/bin/aplay", ["aplay", "Windows.wav"], [/* 7 vars */]) = 0
brk(0)                                  = 0x20000
uname({sys="Linux", node="192.168.1.17", ...}) = 0
access("/etc/ld.so.preload", R_OK)      = -1 ENOENT (No such file or directory)
open("/etc/ld.so.cache", O_RDONLY)      = -1 ENOENT (No such file or directory)
open("/lib/tls/v4l/half/librt.so.1", O_RDONLY) = -1 ENOENT (No such file or directory)
stat64("/lib/tls/v4l/half", 0xbef92460) = -1 ENOENT (No such file or directory)
open("/lib/tls/v4l/librt.so.1", O_RDONLY) = -1 ENOENT (No such file or directory)
stat64("/lib/tls/v4l", 0xbef92460)      = -1 ENOENT (No such file or directory)
open("/lib/tls/half/librt.so.1", O_RDONLY) = -1 ENOENT (No such file or directory)
stat64("/lib/tls/half", 0xbef92460)     = -1 ENOENT (No such file or directory)
open("/lib/tls/librt.so.1", O_RDONLY)   = -1 ENOENT (No such file or directory)
stat64("/lib/tls", 0xbef92460)          = -1 ENOENT (No such file or directory)
open("/lib/v4l/half/librt.so.1", O_RDONLY) = -1 ENOENT (No such file or directory)
stat64("/lib/v4l/half", 0xbef92460)     = -1 ENOENT (No such file or directory)
open("/lib/v4l/librt.so.1", O_RDONLY)   = -1 ENOENT (No such file or directory)
stat64("/lib/v4l", 0xbef92460)          = -1 ENOENT (No such file or directory)
open("/lib/half/librt.so.1", O_RDONLY)  = -1 ENOENT (No such file or directory)
stat64("/lib/half", 0xbef92460)         = -1 ENOENT (No such file or directory)
open("/lib/librt.so.1", O_RDONLY)       = 3
read(3, "\177ELF\1\1\1\0\0\0\0\0\0\0\0\0\3\0(\0\1\0\0\0\240\26\0\0004\0\0\0"..., 512) = 512
fstat64(3, {st_mode=S_IFREG|0755, st_size=40807, ...}) = 0
mmap2(NULL, 4096, PROT_READ|PROT_WRITE, MAP_PRIVATE|MAP_ANONYMOUS, -1, 0) = 0xb6f31000
mmap2(NULL, 57872, PROT_READ|PROT_EXEC, MAP_PRIVATE|MAP_DENYWRITE, 3, 0) = 0xb6eff000
mprotect(0xb6f05000, 28672, PROT_NONE)  = 0
mmap2(0xb6f0c000, 8192, PROT_READ|PROT_WRITE, MAP_PRIVATE|MAP_FIXED|MAP_DENYWRITE, 3, 0x5000) = 0xb6f0c000
close(3)                                = 0
open("/lib/libasound.so.2", O_RDONLY)   = -1 ENOENT (No such file or directory)
open("/usr/lib/tls/v4l/half/libasound.so.2", O_RDONLY) = -1 ENOENT (No such file or directory)
stat64("/usr/lib/tls/v4l/half", 0xbef92448) = -1 ENOENT (No such file or directory)
open("/usr/lib/tls/v4l/libasound.so.2", O_RDONLY) = -1 ENOENT (No such file or directory)
stat64("/usr/lib/tls/v4l", 0xbef92448)  = -1 ENOENT (No such file or directory)
open("/usr/lib/tls/half/libasound.so.2", O_RDONLY) = -1 ENOENT (No such file or directory)
stat64("/usr/lib/tls/half", 0xbef92448) = -1 ENOENT (No such file or directory)
open("/usr/lib/tls/libasound.so.2", O_RDONLY) = -1 ENOENT (No such file or directory)
stat64("/usr/lib/tls", 0xbef92448)      = -1 ENOENT (No such file or directory)
open("/usr/lib/v4l/half/libasound.so.2", O_RDONLY) = -1 ENOENT (No such file or directory)
stat64("/usr/lib/v4l/half", 0xbef92448) = -1 ENOENT (No such file or directory)
open("/usr/lib/v4l/libasound.so.2", O_RDONLY) = -1 ENOENT (No such file or directory)
stat64("/usr/lib/v4l", 0xbef92448)      = -1 ENOENT (No such file or directory)
open("/usr/lib/half/libasound.so.2", O_RDONLY) = -1 ENOENT (No such file or directory)
stat64("/usr/lib/half", 0xbef92448)     = -1 ENOENT (No such file or directory)
open("/usr/lib/libasound.so.2", O_RDONLY) = 3
read(3, "\177ELF\1\1\1\0\0\0\0\0\0\0\0\0\3\0(\0\1\0\0\0P\335\1\0004\0\0\0"..., 512) = 512
fstat64(3, {st_mode=S_IFREG|0755, st_size=1561330, ...}) = 0
mmap2(NULL, 1314136, PROT_READ|PROT_EXEC, MAP_PRIVATE|MAP_DENYWRITE, 3, 0) = 0xb6dbe000
mprotect(0xb6ef3000, 32768, PROT_NONE)  = 0
mmap2(0xb6efb000, 16384, PROT_READ|PROT_WRITE, MAP_PRIVATE|MAP_FIXED|MAP_DENYWRITE, 3, 0x135000) = 0xb6efb000
close(3)                                = 0
open("/lib/libm.so.6", O_RDONLY)        = 3
read(3, "\177ELF\1\1\1\0\0\0\0\0\0\0\0\0\3\0(\0\1\0\0\0\2601\0\0004\0\0\0"..., 512) = 512
fstat64(3, {st_mode=S_IFREG|0755, st_size=749831, ...}) = 0
mmap2(NULL, 708768, PROT_READ|PROT_EXEC, MAP_PRIVATE|MAP_DENYWRITE, 3, 0) = 0xb6d10000
mprotect(0xb6db5000, 28672, PROT_NONE)  = 0
mmap2(0xb6dbc000, 8192, PROT_READ|PROT_WRITE, MAP_PRIVATE|MAP_FIXED|MAP_DENYWRITE, 3, 0xa4000) = 0xb6dbc000
close(3)                                = 0
open("/lib/libdl.so.2", O_RDONLY)       = 3
read(3, "\177ELF\1\1\1\0\0\0\0\0\0\0\0\0\3\0(\0\1\0\0\0\0\t\0\0004\0\0\0"..., 512) = 512
fstat64(3, {st_mode=S_IFREG|0755, st_size=15080, ...}) = 0
mmap2(NULL, 41136, PROT_READ|PROT_EXEC, MAP_PRIVATE|MAP_DENYWRITE, 3, 0) = 0xb6d05000
mprotect(0xb6d07000, 28672, PROT_NONE)  = 0
mmap2(0xb6d0e000, 8192, PROT_READ|PROT_WRITE, MAP_PRIVATE|MAP_FIXED|MAP_DENYWRITE, 3, 0x1000) = 0xb6d0e000
close(3)                                = 0
open("/lib/libpthread.so.0", O_RDONLY)  = 3
read(3, "\177ELF\1\1\1\0\0\0\0\0\0\0\0\0\3\0(\0\1\0\0\0\214C\0\0004\0\0\0"..., 512) = 512
fstat64(3, {st_mode=S_IFREG|0755, st_size=131890, ...}) = 0
mmap2(NULL, 123396, PROT_READ|PROT_EXEC, MAP_PRIVATE|MAP_DENYWRITE, 3, 0) = 0xb6ce6000
mprotect(0xb6cfa000, 28672, PROT_NONE)  = 0
mmap2(0xb6d01000, 8192, PROT_READ|PROT_WRITE, MAP_PRIVATE|MAP_FIXED|MAP_DENYWRITE, 3, 0x13000) = 0xb6d01000
mmap2(0xb6d03000, 4612, PROT_READ|PROT_WRITE, MAP_PRIVATE|MAP_FIXED|MAP_ANONYMOUS, -1, 0) = 0xb6d03000
close(3)                                = 0
open("/lib/libc.so.6", O_RDONLY)        = 3
read(3, "\177ELF\1\1\1\0\0\0\0\0\0\0\0\0\3\0(\0\1\0\0\0\334Q\1\0004\0\0\0"..., 512) = 512
fstat64(3, {st_mode=S_IFREG|0755, st_size=1565653, ...}) = 0
mmap2(NULL, 1225272, PROT_READ|PROT_EXEC, MAP_PRIVATE|MAP_DENYWRITE, 3, 0) = 0xb6bba000
mprotect(0xb6cd8000, 32768, PROT_NONE)  = 0
mmap2(0xb6ce0000, 12288, PROT_READ|PROT_WRITE, MAP_PRIVATE|MAP_FIXED|MAP_DENYWRITE, 3, 0x11e000) = 0xb6ce0000
mmap2(0xb6ce3000, 8760, PROT_READ|PROT_WRITE, MAP_PRIVATE|MAP_FIXED|MAP_ANONYMOUS, -1, 0) = 0xb6ce3000
close(3)                                = 0
mmap2(NULL, 4096, PROT_READ|PROT_WRITE, MAP_PRIVATE|MAP_ANONYMOUS, -1, 0) = 0xb6f30000
mmap2(NULL, 4096, PROT_READ|PROT_WRITE, MAP_PRIVATE|MAP_ANONYMOUS, -1, 0) = 0xb6f2f000
set_tls(0xb6f2f4a0, 0xb6f2fb70, 0xb6f3367c, 0xb6f2fb78, 0xb6f33050) = 0
mprotect(0xb6ce0000, 8192, PROT_READ)   = 0
mprotect(0xb6d01000, 4096, PROT_READ)   = 0
mprotect(0xb6d0e000, 4096, PROT_READ)   = 0
mprotect(0xb6dbc000, 4096, PROT_READ)   = 0
mprotect(0xb6f0c000, 4096, PROT_READ)   = 0
mprotect(0xb6f32000, 4096, PROT_READ)   = 0
set_tid_address(0xb6f2f048)             = 950
set_robust_list(0xb6f2f050, 12)         = 0
futex(0xbef92e34, FUTEX_WAKE_PRIVATE, 1) = 0
rt_sigaction(SIGRTMIN, {0xb6cea298, [], SA_SIGINFO|0x4000000}, NULL, 8) = 0
rt_sigaction(SIGRT_1, {0xb6ce9d3c, [], SA_RESTART|SA_SIGINFO|0x4000000}, NULL, 8) = 0
rt_sigprocmask(SIG_UNBLOCK, [RTMIN RT_1], NULL, 8) = 0
getrlimit(RLIMIT_STACK, {rlim_cur=8192*1024, rlim_max=RLIM_INFINITY}) = 0
brk(0)                                  = 0x20000
brk(0x41000)                            = 0x41000
ioctl(0, SNDCTL_TMR_TIMEBASE or SNDRV_TIMER_IOCTL_NEXT_DEVICE or TCGETS, {B115200 opost isig icanon echo ...}) = 0
stat64("/usr/share/alsa/alsa.conf", {st_mode=S_IFREG|0644, st_size=9184, ...}) = 0
open("/usr/share/alsa/alsa.conf", O_RDONLY) = 3
fstat64(3, {st_mode=S_IFREG|0644, st_size=9184, ...}) = 0
mmap2(NULL, 4096, PROT_READ|PROT_WRITE, MAP_PRIVATE|MAP_ANONYMOUS, -1, 0) = 0xb6f2e000
read(3, "#\n#  ALSA library configuration "..., 4096) = 4096
read(3, "@args [ CARD DEV SUBDEV ]\n\t@args"..., 4096) = 4096
read(3, "query.hw {\n\ttype hw\n}\n\ntimer.def"..., 4096) = 992
read(3, "", 4096)                       = 0
read(3, "", 4096)                       = 0
close(3)                                = 0
munmap(0xb6f2e000, 4096)                = 0
futex(0xb6d0f0a0, FUTEX_WAKE_PRIVATE, 2147483647) = 0
access("/usr/share/alsa/alsa.conf.d/", R_OK) = 0
stat64("/usr/share/alsa/alsa.conf.d/", {st_mode=S_IFDIR|0755, st_size=4096, ...}) = 0
open("/usr/share/alsa/alsa.conf.d/", O_RDONLY|O_NONBLOCK|O_LARGEFILE|O_DIRECTORY|O_CLOEXEC) = 3
fstat64(3, {st_mode=S_IFDIR|0755, st_size=4096, ...}) = 0
fcntl64(3, F_GETFD)                     = 0x1 (flags FD_CLOEXEC)
getdents(3, /* 3 entries */, 4096)      = 52
getdents(3, /* 0 entries */, 4096)      = 0
close(3)                                = 0
access("/etc/asound.conf", R_OK)        = -1 ENOENT (No such file or directory)
access("//.asoundrc", R_OK)             = -1 ENOENT (No such file or directory)
stat64("/usr/share/alsa/cards/aliases.conf", {st_mode=S_IFREG|0644, st_size=1405, ...}) = 0
open("/usr/share/alsa/cards/aliases.conf", O_RDONLY) = 3
fstat64(3, {st_mode=S_IFREG|0644, st_size=1405, ...}) = 0
mmap2(NULL, 4096, PROT_READ|PROT_WRITE, MAP_PRIVATE|MAP_ANONYMOUS, -1, 0) = 0xb6f2e000
read(3, "#\n#  Define aliases for various "..., 4096) = 1405
open("/usr/share/alsa/pcm/default.conf", O_RDONLY) = 4
fstat64(4, {st_mode=S_IFREG|0644, st_size=762, ...}) = 0
mmap2(NULL, 4096, PROT_READ|PROT_WRITE, MAP_PRIVATE|MAP_ANONYMOUS, -1, 0) = 0xb6f2d000
read(4, "#\n# Default output\n#\n\npcm.!defau"..., 4096) = 762
read(4, "", 4096)                       = 0
close(4)                                = 0
munmap(0xb6f2d000, 4096)                = 0
open("/usr/share/alsa/pcm/dmix.conf", O_RDONLY) = 4
fstat64(4, {st_mode=S_IFREG|0644, st_size=1517, ...}) = 0
mmap2(NULL, 4096, PROT_READ|PROT_WRITE, MAP_PRIVATE|MAP_ANONYMOUS, -1, 0) = 0xb6f2d000
read(4, "#\n# dmix output\n#\n\npcm.!dmix {\n\t"..., 4096) = 1517
read(4, "", 4096)                       = 0
close(4)                                = 0
munmap(0xb6f2d000, 4096)                = 0
open("/usr/share/alsa/pcm/dsnoop.conf", O_RDONLY) = 4
fstat64(4, {st_mode=S_IFREG|0644, st_size=1532, ...}) = 0
mmap2(NULL, 4096, PROT_READ|PROT_WRITE, MAP_PRIVATE|MAP_ANONYMOUS, -1, 0) = 0xb6f2d000
read(4, "#\n# dsnoop\n#\n\npcm.!dsnoop {\n\t@ar"..., 4096) = 1532
read(4, "", 4096)                       = 0
close(4)                                = 0
munmap(0xb6f2d000, 4096)                = 0
read(3, "", 4096)                       = 0
read(3, "", 4096)                       = 0
close(3)                                = 0
munmap(0xb6f2e000, 4096)                = 0
open("/dev/snd/controlC0", O_RDONLY|O_CLOEXEC) = 3
fcntl64(3, F_SETFD, FD_CLOEXEC)         = 0
ioctl(3, SNDRV_CTL_IOCTL_CARD_INFO or UI_DEV_CREATE, 0xbef927b8) = 0
close(3)                                = 0
stat64("/usr/share/alsa/alsa.conf", {st_mode=S_IFREG|0644, st_size=9184, ...}) = 0
open("/dev/snd/controlC0", O_RDONLY|O_CLOEXEC) = 3
fcntl64(3, F_SETFD, FD_CLOEXEC)         = 0
ioctl(3, SNDRV_CTL_IOCTL_CARD_INFO or UI_DEV_CREATE, 0xbef924f0) = 0
close(3)                                = 0
open("/dev/snd/controlC0", O_RDWR|O_CLOEXEC) = 3
fcntl64(3, F_SETFD, FD_CLOEXEC)         = 0
ioctl(3, SNDRV_CTL_IOCTL_PVERSION or USBDEVFS_CONTROL, 0xbef9284c) = 0
ioctl(3, SNDRV_CTL_IOCTL_CARD_INFO or UI_DEV_CREATE, 0xbef92810) = 0
close(3)                                = 0
access("/usr/share/alsa/cards/S3C24XX_UDA134X.conf", R_OK) = -1 ENOENT (No such file or directory)
open("/dev/snd/controlC1", O_RDONLY|O_CLOEXEC) = -1 ENOENT (No such file or directory)
open("/dev/aloadC1", O_RDONLY|O_CLOEXEC) = -1 ENOENT (No such file or directory)
open("/dev/snd/controlC2", O_RDONLY|O_CLOEXEC) = -1 ENOENT (No such file or directory)
open("/dev/aloadC2", O_RDONLY|O_CLOEXEC) = -1 ENOENT (No such file or directory)
open("/dev/snd/controlC3", O_RDONLY|O_CLOEXEC) = -1 ENOENT (No such file or directory)
open("/dev/aloadC3", O_RDONLY|O_CLOEXEC) = -1 ENOENT (No such file or directory)
open("/dev/snd/controlC4", O_RDONLY|O_CLOEXEC) = -1 ENOENT (No such file or directory)
open("/dev/aloadC4", O_RDONLY|O_CLOEXEC) = -1 ENOENT (No such file or directory)
open("/dev/snd/controlC5", O_RDONLY|O_CLOEXEC) = -1 ENOENT (No such file or directory)
open("/dev/aloadC5", O_RDONLY|O_CLOEXEC) = -1 ENOENT (No such file or directory)
open("/dev/snd/controlC6", O_RDONLY|O_CLOEXEC) = -1 ENOENT (No such file or directory)
open("/dev/aloadC6", O_RDONLY|O_CLOEXEC) = -1 ENOENT (No such file or directory)
open("/dev/snd/controlC7", O_RDONLY|O_CLOEXEC) = -1 ENOENT (No such file or directory)
open("/dev/aloadC7", O_RDONLY|O_CLOEXEC) = -1 ENOENT (No such file or directory)
open("/dev/snd/controlC8", O_RDONLY|O_CLOEXEC) = -1 ENOENT (No such file or directory)
open("/dev/aloadC8", O_RDONLY|O_CLOEXEC) = -1 ENOENT (No such file or directory)
open("/dev/snd/controlC9", O_RDONLY|O_CLOEXEC) = -1 ENOENT (No such file or directory)
open("/dev/aloadC9", O_RDONLY|O_CLOEXEC) = -1 ENOENT (No such file or directory)
open("/dev/snd/controlC10", O_RDONLY|O_CLOEXEC) = -1 ENOENT (No such file or directory)
open("/dev/aloadC10", O_RDONLY|O_CLOEXEC) = -1 ENOENT (No such file or directory)
open("/dev/snd/controlC11", O_RDONLY|O_CLOEXEC) = -1 ENOENT (No such file or directory)
open("/dev/aloadC11", O_RDONLY|O_CLOEXEC) = -1 ENOENT (No such file or directory)
open("/dev/snd/controlC12", O_RDONLY|O_CLOEXEC) = -1 ENOENT (No such file or directory)
open("/dev/aloadC12", O_RDONLY|O_CLOEXEC) = -1 ENOENT (No such file or directory)
open("/dev/snd/controlC13", O_RDONLY|O_CLOEXEC) = -1 ENOENT (No such file or directory)
open("/dev/aloadC13", O_RDONLY|O_CLOEXEC) = -1 ENOENT (No such file or directory)
open("/dev/snd/controlC14", O_RDONLY|O_CLOEXEC) = -1 ENOENT (No such file or directory)
open("/dev/aloadC14", O_RDONLY|O_CLOEXEC) = -1 ENOENT (No such file or directory)
open("/dev/snd/controlC15", O_RDONLY|O_CLOEXEC) = -1 ENOENT (No such file or directory)
open("/dev/aloadC15", O_RDONLY|O_CLOEXEC) = -1 ENOENT (No such file or directory)
open("/dev/snd/controlC16", O_RDONLY|O_CLOEXEC) = -1 ENOENT (No such file or directory)
open("/dev/aloadC16", O_RDONLY|O_CLOEXEC) = -1 ENOENT (No such file or directory)
open("/dev/snd/controlC17", O_RDONLY|O_CLOEXEC) = -1 ENOENT (No such file or directory)
open("/dev/aloadC17", O_RDONLY|O_CLOEXEC) = -1 ENOENT (No such file or directory)
open("/dev/snd/controlC18", O_RDONLY|O_CLOEXEC) = -1 ENOENT (No such file or directory)
open("/dev/aloadC18", O_RDONLY|O_CLOEXEC) = -1 ENOENT (No such file or directory)
open("/dev/snd/controlC19", O_RDONLY|O_CLOEXEC) = -1 ENOENT (No such file or directory)
open("/dev/aloadC19", O_RDONLY|O_CLOEXEC) = -1 ENOENT (No such file or directory)
open("/dev/snd/controlC20", O_RDONLY|O_CLOEXEC) = -1 ENOENT (No such file or directory)
open("/dev/aloadC20", O_RDONLY|O_CLOEXEC) = -1 ENOENT (No such file or directory)
open("/dev/snd/controlC21", O_RDONLY|O_CLOEXEC) = -1 ENOENT (No such file or directory)
open("/dev/aloadC21", O_RDONLY|O_CLOEXEC) = -1 ENOENT (No such file or directory)
open("/dev/snd/controlC22", O_RDONLY|O_CLOEXEC) = -1 ENOENT (No such file or directory)
open("/dev/aloadC22", O_RDONLY|O_CLOEXEC) = -1 ENOENT (No such file or directory)
open("/dev/snd/controlC23", O_RDONLY|O_CLOEXEC) = -1 ENOENT (No such file or directory)
open("/dev/aloadC23", O_RDONLY|O_CLOEXEC) = -1 ENOENT (No such file or directory)
open("/dev/snd/controlC24", O_RDONLY|O_CLOEXEC) = -1 ENOENT (No such file or directory)
open("/dev/aloadC24", O_RDONLY|O_CLOEXEC) = -1 ENOENT (No such file or directory)
open("/dev/snd/controlC25", O_RDONLY|O_CLOEXEC) = -1 ENOENT (No such file or directory)
open("/dev/aloadC25", O_RDONLY|O_CLOEXEC) = -1 ENOENT (No such file or directory)
open("/dev/snd/controlC26", O_RDONLY|O_CLOEXEC) = -1 ENOENT (No such file or directory)
open("/dev/aloadC26", O_RDONLY|O_CLOEXEC) = -1 ENOENT (No such file or directory)
open("/dev/snd/controlC27", O_RDONLY|O_CLOEXEC) = -1 ENOENT (No such file or directory)
open("/dev/aloadC27", O_RDONLY|O_CLOEXEC) = -1 ENOENT (No such file or directory)
open("/dev/snd/controlC28", O_RDONLY|O_CLOEXEC) = -1 ENOENT (No such file or directory)
open("/dev/aloadC28", O_RDONLY|O_CLOEXEC) = -1 ENOENT (No such file or directory)
open("/dev/snd/controlC29", O_RDONLY|O_CLOEXEC) = -1 ENOENT (No such file or directory)
open("/dev/aloadC29", O_RDONLY|O_CLOEXEC) = -1 ENOENT (No such file or directory)
open("/dev/snd/controlC30", O_RDONLY|O_CLOEXEC) = -1 ENOENT (No such file or directory)
open("/dev/aloadC30", O_RDONLY|O_CLOEXEC) = -1 ENOENT (No such file or directory)
open("/dev/snd/controlC31", O_RDONLY|O_CLOEXEC) = -1 ENOENT (No such file or directory)
open("/dev/aloadC31", O_RDONLY|O_CLOEXEC) = -1 ENOENT (No such file or directory)
open("/dev/snd/controlC0", O_RDONLY|O_CLOEXEC) = 3
fcntl64(3, F_SETFD, FD_CLOEXEC)         = 0
ioctl(3, SNDRV_CTL_IOCTL_CARD_INFO or UI_DEV_CREATE, 0xbef922f8) = 0
close(3)                                = 0
stat64("/usr/share/alsa/alsa.conf", {st_mode=S_IFREG|0644, st_size=9184, ...}) = 0
open("/dev/snd/controlC0", O_RDONLY|O_CLOEXEC) = 3
fcntl64(3, F_SETFD, FD_CLOEXEC)         = 0
ioctl(3, SNDRV_CTL_IOCTL_CARD_INFO or UI_DEV_CREATE, 0xbef921a0) = 0
close(3)                                = 0
open("/dev/snd/controlC0", O_RDWR|O_CLOEXEC) = 3
fcntl64(3, F_SETFD, FD_CLOEXEC)         = 0
ioctl(3, SNDRV_CTL_IOCTL_PVERSION or USBDEVFS_CONTROL, 0xbef924fc) = 0
ioctl(3, SNDRV_CTL_IOCTL_CARD_INFO or UI_DEV_CREATE, 0xbef924c0) = 0
close(3)                                = 0
open("/dev/snd/controlC0", O_RDONLY|O_CLOEXEC) = 3
fcntl64(3, F_SETFD, FD_CLOEXEC)         = 0
ioctl(3, SNDRV_CTL_IOCTL_CARD_INFO or UI_DEV_CREATE, 0xbef92410) = 0
close(3)                                = 0
open("/dev/snd/controlC0", O_RDWR|O_CLOEXEC) = 3
fcntl64(3, F_SETFD, FD_CLOEXEC)         = 0
ioctl(3, SNDRV_CTL_IOCTL_PVERSION or USBDEVFS_CONTROL, 0xbef925cc) = 0
ioctl(3, SNDRV_CTL_IOCTL_PCM_PREFER_SUBDEVICE, 0xbef925b8) = 0
open("/dev/snd/pcmC0D0p", O_RDWR|O_NONBLOCK|O_CLOEXEC) = 4
fcntl64(4, F_SETFD, FD_CLOEXEC)         = 0
close(3)                                = 0
ioctl(4, AGPIOC_ACQUIRE or APM_IOC_STANDBY or SNDRV_PCM_IOCTL_INFO, 0xbef9249c) = 0
fcntl64(4, F_GETFL)                     = 0x80802 (flags O_RDWR|O_NONBLOCK|O_CLOEXEC)
ioctl(4, AGPIOC_INFO or SNDRV_PCM_IOCTL_PVERSION, 0xbef925c0) = 0
clock_gettime(CLOCK_MONOTONIC, {189, 878425002}) = 0
ioctl(4, AGPIOC_SETUP or SNDRV_PCM_IOCTL_TTSTAMP, 0xbef92490) = 0
mmap2(NULL, 4096, PROT_READ, MAP_SHARED, 4, 0x80000000) = -1 ENXIO (No such device or address)
ioctl(4, SNDRV_PCM_IOCTL_SYNC_PTR, 0xbef923b8) = 0
fcntl64(4, F_GETFL)                     = 0x80802 (flags O_RDWR|O_NONBLOCK|O_CLOEXEC)
fcntl64(4, F_SETFL, O_RDWR|O_CLOEXEC)   = 0
ioctl(4, AGPIOC_ACQUIRE or APM_IOC_STANDBY or SNDRV_PCM_IOCTL_INFO, 0xbef92be8) = 0
rt_sigaction(SIGINT, {0x12d0c, [INT], SA_RESTART|0x4000000}, {SIG_DFL, [], 0}, 8) = 0
rt_sigaction(SIGTERM, {0x12d0c, [TERM], SA_RESTART|0x4000000}, {SIG_DFL, [], 0}, 8) = 0
rt_sigaction(SIGABRT, {0x12d0c, [ABRT], SA_RESTART|0x4000000}, {SIG_DFL, [], 0}, 8) = 0
rt_sigaction(SIGUSR1, {0xab18, [USR1], SA_RESTART|0x4000000}, {SIG_DFL, [], 0}, 8) = 0
open("Windows.wav", O_RDONLY)           = 3
read(3, "RIFFvu\r\0WAVEfmt \22\0\0\0\1\0\2\0", 24) = 24
read(3, "\"V", 2)                       = 2
read(3, "\0\0\210X\1\0\4\0\20\0\0\0", 12) = 12
read(3, "dataPu\r\0", 8)                = 8
write(2, "Playing WAVE 'Windows.wav' : ", 29) = 29
write(2, "Signed 16 bit Little Endian, ", 29) = 29
write(2, "Rate 22050 Hz, ", 15)         = 15
write(2, "Stereo", 6)                   = 6
write(2, "\n", 1)                       = 1
ioctl(4, SNDRV_PCM_IOCTL_HW_REFINE, 0xbef92520) = 0
ioctl(4, SNDRV_PCM_IOCTL_HW_REFINE, 0xbef92180) = 0
ioctl(4, SNDRV_PCM_IOCTL_HW_REFINE, 0xbef92180) = 0
ioctl(4, SNDRV_PCM_IOCTL_HW_REFINE, 0xbef92520) = 0
ioctl(4, SNDRV_PCM_IOCTL_HW_REFINE, 0xbef92180) = 0
ioctl(4, SNDRV_PCM_IOCTL_HW_REFINE, 0xbef92180) = 0
ioctl(4, SNDRV_PCM_IOCTL_HW_REFINE, 0xbef92520) = 0
ioctl(4, SNDRV_PCM_IOCTL_HW_REFINE, 0xbef92280) = 0
ioctl(4, SNDRV_PCM_IOCTL_HW_REFINE, 0xbef91ee0) = 0
ioctl(4, SNDRV_PCM_IOCTL_HW_REFINE, 0xbef91ee0) = 0
ioctl(4, SNDRV_PCM_IOCTL_HW_REFINE, 0xbef92280) = 0
ioctl(4, SNDRV_PCM_IOCTL_HW_REFINE, 0xbef92280) = 0
ioctl(4, SNDRV_PCM_IOCTL_HW_REFINE, 0xbef91ee0) = 0
ioctl(4, SNDRV_PCM_IOCTL_HW_REFINE, 0xbef91ee0) = 0
ioctl(4, SNDRV_PCM_IOCTL_HW_REFINE, 0xbef92280) = 0
ioctl(4, SNDRV_PCM_IOCTL_HW_REFINE, 0xbef92280) = 0
ioctl(4, SNDRV_PCM_IOCTL_HW_REFINE, 0xbef91ee0) = 0
ioctl(4, SNDRV_PCM_IOCTL_HW_REFINE, 0xbef91ee0) = 0
ioctl(4, SNDRV_PCM_IOCTL_HW_REFINE, 0xbef92280) = 0
ioctl(4, SNDRV_PCM_IOCTL_HW_REFINE, 0xbef92280) = 0
ioctl(4, SNDRV_PCM_IOCTL_HW_REFINE, 0xbef91ee0) = 0
ioctl(4, SNDRV_PCM_IOCTL_HW_REFINE, 0xbef91ee0) = 0
ioctl(4, SNDRV_PCM_IOCTL_HW_REFINE, 0xbef92280) = 0
ioctl(4, SNDRV_PCM_IOCTL_HW_REFINE, 0xbef92280) = 0
ioctl(4, SNDRV_PCM_IOCTL_HW_REFINE, 0xbef91ee0) = 0
ioctl(4, SNDRV_PCM_IOCTL_HW_REFINE, 0xbef91ee0) = 0
ioctl(4, SNDRV_PCM_IOCTL_HW_REFINE, 0xbef92280) = 0
ioctl(4, SNDRV_PCM_IOCTL_HW_REFINE, 0xbef91d68) = 0
ioctl(4, SNDRV_PCM_IOCTL_HW_REFINE, 0xbef919c8) = 0
ioctl(4, SNDRV_PCM_IOCTL_HW_REFINE, 0xbef919c8) = 0
ioctl(4, SNDRV_PCM_IOCTL_HW_REFINE, 0xbef919c8) = 0
ioctl(4, SNDRV_PCM_IOCTL_HW_REFINE, 0xbef91d68) = 0
ioctl(4, SNDRV_PCM_IOCTL_HW_REFINE, 0xbef91d68) = 0
ioctl(4, SNDRV_PCM_IOCTL_HW_REFINE, 0xbef91d68) = 0
ioctl(4, SNDRV_PCM_IOCTL_HW_REFINE, 0xbef919c8) = 0
ioctl(4, SNDRV_PCM_IOCTL_HW_REFINE, 0xbef919c8) = 0
ioctl(4, SNDRV_PCM_IOCTL_HW_REFINE, 0xbef91d68) = 0
ioctl(4, SNDRV_PCM_IOCTL_HW_REFINE, 0xbef91fd8) = 0
ioctl(4, SNDRV_PCM_IOCTL_HW_REFINE, 0xbef91fd8) = 0
ioctl(4, SNDRV_PCM_IOCTL_HW_REFINE, 0xbef91fd8) = 0
ioctl(4, SNDRV_PCM_IOCTL_HW_REFINE, 0xbef91fd8) = 0
ioctl(4, SNDRV_PCM_IOCTL_HW_REFINE, 0xbef91fd8) = 0
ioctl(4, SNDRV_PCM_IOCTL_HW_REFINE, 0xbef91fd8) = 0
ioctl(4, SNDRV_PCM_IOCTL_HW_REFINE, 0xbef91fd8) = 0
ioctl(4, SNDRV_PCM_IOCTL_HW_REFINE, 0xbef91fd8) = 0
ioctl(4, SNDRV_PCM_IOCTL_HW_REFINE, 0xbef91fd8) = 0
ioctl(4, SNDRV_PCM_IOCTL_HW_REFINE, 0xbef91fd8) = 0
ioctl(4, SNDRV_PCM_IOCTL_HW_REFINE, 0xbef91d68) = 0
ioctl(4, SNDRV_PCM_IOCTL_HW_REFINE, 0xbef91d68) = 0
ioctl(4, SNDRV_PCM_IOCTL_HW_REFINE, 0xbef91d68) = 0
ioctl(4, SNDRV_PCM_IOCTL_HW_REFINE, 0xbef91d68) = 0
ioctl(4, SNDRV_PCM_IOCTL_HW_REFINE, 0xbef91d68) = 0
ioctl(4, SNDRV_PCM_IOCTL_HW_REFINE, 0xbef91d68) = 0
ioctl(4, SNDRV_PCM_IOCTL_HW_REFINE, 0xbef91d68) = 0
ioctl(4, SNDRV_PCM_IOCTL_HW_REFINE, 0xbef91d68) = 0
ioctl(4, SNDRV_PCM_IOCTL_HW_REFINE, 0xbef91d68) = 0
ioctl(4, SNDRV_PCM_IOCTL_HW_REFINE, 0xbef91d68) = 0
ioctl(4, SNDRV_PCM_IOCTL_HW_REFINE, 0xbef91d68) = 0
ioctl(4, SNDRV_PCM_IOCTL_HW_REFINE, 0xbef91d68) = 0
ioctl(4, SNDRV_PCM_IOCTL_HW_REFINE, 0xbef91fd8) = 0
ioctl(4, SNDRV_PCM_IOCTL_HW_REFINE, 0xbef91fd8) = 0
ioctl(4, SNDRV_PCM_IOCTL_HW_REFINE, 0xbef91fd8) = 0
ioctl(4, SNDRV_PCM_IOCTL_HW_REFINE, 0xbef91fd8) = 0
ioctl(4, SNDRV_PCM_IOCTL_HW_REFINE, 0xbef91fd8) = 0
ioctl(4, SNDRV_PCM_IOCTL_HW_REFINE, 0xbef92470) = 0
ioctl(4, SNDRV_PCM_IOCTL_HW_REFINE, 0xbef92470) = 0
ioctl(4, SNDRV_PCM_IOCTL_HW_REFINE, 0xbef92470) = 0
ioctl(4, SNDRV_PCM_IOCTL_HW_REFINE, 0xbef92470) = 0
ioctl(4, SNDRV_PCM_IOCTL_HW_REFINE, 0xbef92418) = 0
ioctl(4, SNDRV_PCM_IOCTL_HW_REFINE, 0xbef92418) = 0
ioctl(4, SNDRV_PCM_IOCTL_HW_REFINE, 0xbef92418) = 0
ioctl(4, SNDRV_PCM_IOCTL_HW_REFINE, 0xbef92418) = 0
ioctl(4, SNDRV_PCM_IOCTL_HW_REFINE, 0xbef92418) = 0
ioctl(4, SNDRV_PCM_IOCTL_HW_REFINE, 0xbef92490) = 0
ioctl(4, SNDRV_PCM_IOCTL_HW_REFINE, 0xbef92490) = 0
ioctl(4, SNDRV_PCM_IOCTL_HW_REFINE, 0xbef92490) = 0
ioctl(4, SNDRV_PCM_IOCTL_HW_REFINE, 0xbef92860) = 0
ioctl(4, SNDRV_PCM_IOCTL_HW_PARAMS, 0xbef92860) = 0
ioctl(4, SNDRV_PCM_IOCTL_SYNC_PTR, 0x2e858) = 0
ioctl(4, SNDRV_PCM_IOCTL_SW_PARAMS, 0xbef92404) = 0
ioctl(4, SNDRV_PCM_IOCTL_SYNC_PTR, 0x2e858) = 0
ioctl(4, SNDRV_PCM_IOCTL_PREPARE, 0xc54f8) = 0
ioctl(4, SNDRV_PCM_IOCTL_SYNC_PTR, 0x2e858) = 0
ioctl(4, SNDRV_PCM_IOCTL_SW_PARAMS, 0xbef927f0) = 0
read(3, "\0\0\0\0\0\0\0\0\0\0\0\0\0\0\0\0\0\0\0\0\0\0\0\0\0\0\0\0\0\0\0\0"..., 8192) = 8192
ioctl(4, SNDRV_PCM_IOCTL_WRITEI_FRAMES, 0xbef92ab8) = 0
ioctl(4, SNDRV_PCM_IOCTL_SYNC_PTR, 0x2e858) = 0
read(3, "\0\0\0\0\0\0\0\0\0\0\0\0\0\0\0\0\0\0\0\0\0\0\0\0\0\0\0\0\0\0\0\0"..., 8192) = 8192
ioctl(4, SNDRV_PCM_IOCTL_WRITEI_FRAMES, 0xbef92ab8) = 0
ioctl(4, SNDRV_PCM_IOCTL_SYNC_PTR, 0x2e858) = 0
read(3, "\0\0\0\0\0\0\0\0\0\0\0\0\0\0\0\0\0\0\0\0\0\0\0\0\0\0\0\0\0\0\0\0"..., 8192) = 8192
ioctl(4, SNDRV_PCM_IOCTL_WRITEI_FRAMES, 0xbef92ab8) = 0
ioctl(4, SNDRV_PCM_IOCTL_SYNC_PTR, 0x2e858) = 0
read(3, "\0\0\0\0\0\0\0\0\0\0\0\0\0\0\0\0\0\0\0\0\0\0\0\0\0\0\0\0\0\0\0\0"..., 8192) = 8192
ioctl(4, SNDRV_PCM_IOCTL_WRITEI_FRAMES, 0xbef92ab8) = 0
ioctl(4, SNDRV_PCM_IOCTL_SYNC_PTR, 0x2e858) = 0
read(3, "\0\0\0\0\0\0\0\0\0\0\0\0\0\0\0\0\0\0\0\0\0\0\0\0\0\0\0\0\0\0\0\0"..., 8192) = 8192
ioctl(4, SNDRV_PCM_IOCTL_WRITEI_FRAMES, 0xbef92ab8) = 0
ioctl(4, SNDRV_PCM_IOCTL_SYNC_PTR, 0x2e858) = 0
read(3, "\0\0\0\0\0\0\0\0\0\0\0\0\0\0\0\0\0\0\0\0\0\0\0\0\0\0\0\0\0\0\0\0"..., 8192) = 8192
ioctl(4, SNDRV_PCM_IOCTL_WRITEI_FRAMES, 0xbef92ab8) = 0
ioctl(4, SNDRV_PCM_IOCTL_SYNC_PTR, 0x2e858) = 0
read(3, "\0\0\0\0\0\0\0\0\0\0\0\0\0\0\0\0\0\0\0\0\0\0\0\0\0\0\0\0\0\0\0\0"..., 8192) = 8192
ioctl(4, SNDRV_PCM_IOCTL_WRITEI_FRAMES, 0xbef92ab8) = 0
ioctl(4, SNDRV_PCM_IOCTL_SYNC_PTR, 0x2e858) = 0
read(3, "\0\0\0\0\0\0\0\0\0\0\0\0\0\0\0\0\0\0\0\0\0\0\0\0\0\0\0\0\0\0\0\0"..., 8192) = 8192
ioctl(4, SNDRV_PCM_IOCTL_WRITEI_FRAMES, 0xbef92ab8) = 0
ioctl(4, SNDRV_PCM_IOCTL_SYNC_PTR, 0x2e858) = 0
read(3, "\0\0\0\0\0\0\0\0\0\0\0\0\0\0\0\0\0\0\0\0\0\0\0\0\0\0\0\0\0\0\0\0"..., 8192) = 8192
ioctl(4, SNDRV_PCM_IOCTL_WRITEI_FRAMES, 0xbef92ab8) = 0
ioctl(4, SNDRV_PCM_IOCTL_SYNC_PTR, 0x2e858) = 0
read(3, "\0\0\0\0\0\0\0\0\0\0\0\0\0\0\0\0\0\0\0\0\0\0\0\0\0\0\0\0\0\0\0\0"..., 8192) = 8192
ioctl(4, SNDRV_PCM_IOCTL_WRITEI_FRAMES, 0xbef92ab8) = 0
ioctl(4, SNDRV_PCM_IOCTL_SYNC_PTR, 0x2e858) = 0
read(3, "\0\0\0\0\0\0\0\0\0\0\0\0\0\0\0\0\0\0\0\0\0\0\0\0\0\0\0\0\0\0\0\0"..., 8192) = 8192
ioctl(4, SNDRV_PCM_IOCTL_WRITEI_FRAMES, 0xbef92ab8) = 0
ioctl(4, SNDRV_PCM_IOCTL_SYNC_PTR, 0x2e858) = 0
read(3, "\0\0\0\0\0\0\0\0\0\0\0\0\0\0\0\0\0\0\0\0\0\0\0\0\0\0\0\0\0\0\0\0"..., 8192) = 8192
ioctl(4, SNDRV_PCM_IOCTL_WRITEI_FRAMES, 0xbef92ab8) = 0
ioctl(4, SNDRV_PCM_IOCTL_SYNC_PTR, 0x2e858) = 0
read(3, "\6\374$\370K\377\371\372U\3752\375\20\373%\377\322\367\260\0c\370<\5A\374\343\n\313\375\303\r"..., 8192) = 8192
ioctl(4, SNDRV_PCM_IOCTL_WRITEI_FRAMES, 0xbef92ab8) = 0
ioctl(4, SNDRV_PCM_IOCTL_SYNC_PTR, 0x2e858) = 0
read(3, "\316\v\210\v\216\n\347\n\207\10\333\t\362\5\314\10$\3\350\6F\0\22\5|\375}\3\1\373\177\1"..., 8192) = 8192
ioctl(4, SNDRV_PCM_IOCTL_WRITEI_FRAMES, 0xbef92ab8) = 0
ioctl(4, SNDRV_PCM_IOCTL_SYNC_PTR, 0x2e858) = 0
read(3, "\21\17_\3L\16 \2%\r\314\0\306\v\220\377\371\t\202\376\342\7Z\375\245\5_\374\10\3\276\373"..., 8192) = 8192
ioctl(4, SNDRV_PCM_IOCTL_WRITEI_FRAMES, 0xbef92ab8) = 0
ioctl(4, SNDRV_PCM_IOCTL_SYNC_PTR, 0x2e858) = 0
read(3, "(\377\343\372\322\376\222\372H\3769\372[\375\376\371+\374\343\371\264\372\276\371\30\371\271\371\211\367\301\371"..., 8192) = 8192
ioctl(4, SNDRV_PCM_IOCTL_WRITEI_FRAMES, 0xbef92ab8) = 0
ioctl(4, SNDRV_PCM_IOCTL_SYNC_PTR, 0x2e858) = 0
read(3, "\217\375R\10\342\0F\nx\5\366\r\233\3\27\n1\375 \10\272\364\240\0\312\363_\375f\363\274\370"..., 8192) = 8192
ioctl(4, SNDRV_PCM_IOCTL_WRITEI_FRAMES, 0xbef92ab8) = 0
ioctl(4, SNDRV_PCM_IOCTL_SYNC_PTR, 0x2e858) = 0
read(3, "\375\374\261\3}\374\316\1\271\373\37\377\367\373\334\374/\375\263\372B\377\36\371\366\0\301\367f\2\314\366"..., 8192) = 8192
ioctl(4, SNDRV_PCM_IOCTL_WRITEI_FRAMES, 0xbef92ab8) = 0
ioctl(4, SNDRV_PCM_IOCTL_SYNC_PTR, 0x2e858) = 0
read(3, "1\370\207\376\333\371b\376\351\373S\376M\376\261\376r\0\22\377\267\2\352\377\201\4\230\0\31\6\314\1"..., 8192) = 8192
ioctl(4, SNDRV_PCM_IOCTL_WRITEI_FRAMES, 0xbef92ab8) = 0
ioctl(4, SNDRV_PCM_IOCTL_SYNC_PTR, 0x2e858) = 0
read(3, "A\377[\0.\376\271\377o\3754\377\316\374\236\376\206\374o\376\30\374R\376\347\373\267\376\203\373\341\376"..., 8192) = 8192
ioctl(4, SNDRV_PCM_IOCTL_WRITEI_FRAMES, 0xbef92ab8) = 0
ioctl(4, SNDRV_PCM_IOCTL_SYNC_PTR, 0x2e858) = 0
read(3, "`\f.\4\325\6\341\1\221\376\342\0r\370\246\375\7\3726\377\304\376_\376\252\5\350\377\306\3\254\373"..., 8192) = 8192
ioctl(4, SNDRV_PCM_IOCTL_WRITEI_FRAMES, 0xbef92ab8) = 0
ioctl(4, SNDRV_PCM_IOCTL_SYNC_PTR, 0x2e858) = 0
read(3, "\346\375\234\374\"\373\213\375\254\367\223\376\255\365]\377\305\364O\0\307\366|\1\263\371\305\2\270\375F\3"..., 8192) = 8192
ioctl(4, SNDRV_PCM_IOCTL_WRITEI_FRAMES, 0xbef92ab8) = 0
ioctl(4, SNDRV_PCM_IOCTL_SYNC_PTR, 0x2e858) = 0
read(3, "R\nS\7\24\6\340\4\272\1\256\2R\375\10\0004\372\334\376}\370\246\375r\370\304\375k\371\215\375"..., 8192) = 8192
ioctl(4, SNDRV_PCM_IOCTL_WRITEI_FRAMES, 0xbef92ab8) = 0
ioctl(4, SNDRV_PCM_IOCTL_SYNC_PTR, 0x2e858) = 0
read(3, "\342\2\241\t\201\4\351\t\272\5R\t\204\6\344\7\215\6\3\0064\6\301\3P\5\205\1>\4h\377"..., 8192) = 8192
ioctl(4, SNDRV_PCM_IOCTL_WRITEI_FRAMES, 0xbef92ab8) = 0
ioctl(4, SNDRV_PCM_IOCTL_SYNC_PTR, 0x2e858) = 0
read(3, "\375\10\370\375\341\4_\374\35\3\0\373\33\2\337\372\372\3\273\373\25\t\303\374'\16\366\376\255\24\266\1"..., 8192) = 8192
ioctl(4, SNDRV_PCM_IOCTL_WRITEI_FRAMES, 0xbef92ab8) = 0
ioctl(4, SNDRV_PCM_IOCTL_SYNC_PTR, 0x2e858) = 0
read(3, "\305\3\346\10j\5\302\10\374\4\251\7\205\4\354\6z\5S\7\"\6\23\10\360\4\33\10\206\1\234\6"..., 8192) = 8192
ioctl(4, SNDRV_PCM_IOCTL_WRITEI_FRAMES, 0xbef92ab8) = 0
ioctl(4, SNDRV_PCM_IOCTL_SYNC_PTR, 0x2e858) = 0
read(3, "\315\363\372\3)\366\300\3\6\370\5\3t\371\v\2N\373\3\1\252\375b\0\252\377P\0\233\0001\1"..., 8192) = 8192
ioctl(4, SNDRV_PCM_IOCTL_WRITEI_FRAMES, 0xbef92ab8) = 0
ioctl(4, SNDRV_PCM_IOCTL_SYNC_PTR, 0x2e858) = 0
read(3, "(\360\206\366\375\354c\366I\351\237\365m\346|\364\277\345\36\363\226\347\300\361\240\352\311\360.\355^\360"..., 8192) = 8192
ioctl(4, SNDRV_PCM_IOCTL_WRITEI_FRAMES, 0xbef92ab8) = 0
ioctl(4, SNDRV_PCM_IOCTL_SYNC_PTR, 0x2e858) = 0
read(3, ">\346\345\374\37\346\7\376q\346\321\377\317\3479\2\23\352\314\4x\354\23\7_\356\267\10H\357\236\t"..., 8192) = 8192
ioctl(4, SNDRV_PCM_IOCTL_WRITEI_FRAMES, 0xbef92ab8) = 0
ioctl(4, SNDRV_PCM_IOCTL_SYNC_PTR, 0x2e858) = 0
read(3, "\276\374_\374`\377\213\374\350\1_\374\262\3O\374F\4\261\374m\3J\375\226\1\263\375x\0\326\375"..., 8192) = 8192
ioctl(4, SNDRV_PCM_IOCTL_WRITEI_FRAMES, 0xbef92ab8) = 0
ioctl(4, SNDRV_PCM_IOCTL_SYNC_PTR, 0x2e858) = 0
read(3, "\330\356l\365\t\353\323\364t\346W\364\234\342\353\363\213\340P\363\222\340r\362\212\341\216\361\275\342\35\361"..., 8192) = 8192
ioctl(4, SNDRV_PCM_IOCTL_WRITEI_FRAMES, 0xbef92ab8) = 0
ioctl(4, SNDRV_PCM_IOCTL_SYNC_PTR, 0x2e858) = 0
read(3, "\177\rX\tY\22\10\n\306\26j\n\364\27,\n\33\24\265\10;\16'\7\202\7a\5j\3/\4"..., 8192) = 8192
ioctl(4, SNDRV_PCM_IOCTL_WRITEI_FRAMES, 0xbef92ab8) = 0
ioctl(4, SNDRV_PCM_IOCTL_SYNC_PTR, 0x2e858) = 0
read(3, "z\20\222\n\35\17\244\t;\ri\10\225\v\372\7\214\nu\10\314\t\22\t\261\10T\tC\10\214\t"..., 8192) = 8192
ioctl(4, SNDRV_PCM_IOCTL_WRITEI_FRAMES, 0xbef92ab8) = 0
ioctl(4, SNDRV_PCM_IOCTL_SYNC_PTR, 0x2e858) = 0
read(3, "\5\4W\375\354\3\4\376\210\3\273\376:\3B\377\253\1\331\376\303\3761\375\214\373\25\373\177\371\214\371"..., 8192) = 8192
ioctl(4, SNDRV_PCM_IOCTL_WRITEI_FRAMES, 0xbef92ab8) = 0
ioctl(4, SNDRV_PCM_IOCTL_SYNC_PTR, 0x2e858) = 0
read(3, "\315\372\325\375,\375\343\3749\376\"\374i\375\225\373\335\373:\373+\372B\373e\371\221\373\321\371\\\373"..., 8192) = 8192
ioctl(4, SNDRV_PCM_IOCTL_WRITEI_FRAMES, 0xbef92ab8) = 0
ioctl(4, SNDRV_PCM_IOCTL_SYNC_PTR, 0x2e858) = 0
read(3, "\242\3\357\0\332\5Y\0_\0068\0_\6\320\0000\7\257\1\"\10D\2i\10\227\2r\10\236\2"..., 8192) = 8192
ioctl(4, SNDRV_PCM_IOCTL_WRITEI_FRAMES, 0xbef92ab8) = 0
ioctl(4, SNDRV_PCM_IOCTL_SYNC_PTR, 0x2e858) = 0
read(3, "b\365y\371\304\364\314\372\263\364{\374\264\365\10\376\201\367\356\376\220\370\n\377\205\370u\376\370\367h\375"..., 8192) = 8192
ioctl(4, SNDRV_PCM_IOCTL_WRITEI_FRAMES, 0xbef92ab8) = 0
ioctl(4, SNDRV_PCM_IOCTL_SYNC_PTR, 0x2e858) = 0
read(3, "\227\362W\374Y\362\3\374\374\361)\373\341\3603\372-\357\211\371@\355\22\371\205\354\335\370_\355\375\370"..., 8192) = 8192
ioctl(4, SNDRV_PCM_IOCTL_WRITEI_FRAMES, 0xbef92ab8) = 0
ioctl(4, SNDRV_PCM_IOCTL_SYNC_PTR, 0x2e858) = 0
read(3, "\311\10O\4\377\10\4\4\355\10\371\3\265\10\25\4\234\10\226\4\243\10j\5@\10A\6\260\6\241\6"..., 8192) = 8192
ioctl(4, SNDRV_PCM_IOCTL_WRITEI_FRAMES, 0xbef92ab8) = 0
ioctl(4, SNDRV_PCM_IOCTL_SYNC_PTR, 0x2e858) = 0
read(3, "W\373\361\377F\373\223\0\275\373g\1\32\375T\2\n\377l\3M\1\264\4\320\3\257\5\220\6\364\5"..., 8192) = 8192
ioctl(4, SNDRV_PCM_IOCTL_WRITEI_FRAMES, 0xbef92ab8) = 0
ioctl(4, SNDRV_PCM_IOCTL_SYNC_PTR, 0x2e858) = 0
read(3, "\36\21\367\fH\17\335\v\316\f\321\nD\n\243\t\375\7H\10\373\5\2\7\371\3\312\5\275\1\226\4"..., 8192) = 8192
ioctl(4, SNDRV_PCM_IOCTL_WRITEI_FRAMES, 0xbef92ab8) = 0
ioctl(4, SNDRV_PCM_IOCTL_SYNC_PTR, 0x2e858) = 0
read(3, "x\356T\357\255\355\265\356\361\354\6\356\237\353/\355\311\351Y\354\7\350\263\353\250\346b\353\357\345o\353"..., 8192) = 8192
ioctl(4, SNDRV_PCM_IOCTL_WRITEI_FRAMES, 0xbef92ab8) = 0
ioctl(4, SNDRV_PCM_IOCTL_SYNC_PTR, 0x2e858) = 0
read(3, "\0\1c\0\253\3@\2\331\0\0\2\250\374j\377t\366@\372\326\361o\366\304\350\266\360\332\343f\356"..., 8192) = 8192
ioctl(4, SNDRV_PCM_IOCTL_WRITEI_FRAMES, 0xbef92ab8) = 0
ioctl(4, SNDRV_PCM_IOCTL_SYNC_PTR, 0x2e858) = 0
read(3, "I/\320\0254,\17\26h)\331\25\"&\203\25\225#\301\24\273\37\260\23~\34\\\21r\30\267\r"..., 8192) = 8192
ioctl(4, SNDRV_PCM_IOCTL_WRITEI_FRAMES, 0xbef92ab8) = 0
ioctl(4, SNDRV_PCM_IOCTL_SYNC_PTR, 0x2e858) = 0
read(3, "H\355|\363\251\356\364\364\207\360|\366^\362\202\370\302\363\306\372\f\367\243\375\262\373'\0L\1\331\2"..., 8192) = 8192
ioctl(4, SNDRV_PCM_IOCTL_WRITEI_FRAMES, 0xbef92ab8) = 0
ioctl(4, SNDRV_PCM_IOCTL_SYNC_PTR, 0x2e858) = 0
read(3, "\306\375\0\4v\375\235\2\363\374\303\1-\374)\1\231\373\213\0'\373E\0\331\372?\1v\372\30\3"..., 8192) = 8192
ioctl(4, SNDRV_PCM_IOCTL_WRITEI_FRAMES, 0xbef92ab8) = 0
ioctl(4, SNDRV_PCM_IOCTL_SYNC_PTR, 0x2e858) = 0
read(3, "\n\371\212\364N\373\370\365\257\371\21\366z\367U\364\247\365\253\363\351\364\345\363\274\365\212\3650\367^\366"..., 8192) = 8192
ioctl(4, SNDRV_PCM_IOCTL_WRITEI_FRAMES, 0xbef92ab8) = 0
ioctl(4, SNDRV_PCM_IOCTL_SYNC_PTR, 0x2e858) = 0
read(3, "\275\360`\365\344\361l\365\253\362^\365\10\362M\364\205\360r\362\311\356f\360I\356\261\357\241\357\363\360"..., 8192) = 8192
ioctl(4, SNDRV_PCM_IOCTL_WRITEI_FRAMES, 0xbef92ab8) = 0
ioctl(4, SNDRV_PCM_IOCTL_SYNC_PTR, 0x2e858) = 0
read(3, "!\0060\fY\4P\10V\3\37\5\356\0036\3W\5\374\2[\7\354\3|\t\0\6\343\n\326\10"..., 8192) = 8192
ioctl(4, SNDRV_PCM_IOCTL_WRITEI_FRAMES, 0xbef92ab8) = 0
ioctl(4, SNDRV_PCM_IOCTL_SYNC_PTR, 0x2e858) = 0
read(3, "\272\356T\0 \354<\376\17\353\323\372o\352n\371F\351\211\371T\354\363\367\335\357:\367O\364\304\365"..., 8192) = 8192
ioctl(4, SNDRV_PCM_IOCTL_WRITEI_FRAMES, 0xbef92ab8) = 0
ioctl(4, SNDRV_PCM_IOCTL_SYNC_PTR, 0x2e858) = 0
read(3, "\362\3677\363\215\366\35\362P\364,\361a\361\37\360\17\356\24\357\24\353\326\356\334\350\322\357t\346?\361"..., 8192) = 8192
ioctl(4, SNDRV_PCM_IOCTL_WRITEI_FRAMES, 0xbef92ab8) = 0
ioctl(4, SNDRV_PCM_IOCTL_SYNC_PTR, 0x2e858) = 0
read(3, "~\31\321\v\266\36\254\16\263#E\20\254'\221\20=*\16\20W+&\17\220*\255\r\236'\211\v"..., 8192) = 8192
ioctl(4, SNDRV_PCM_IOCTL_WRITEI_FRAMES, 0xbef92ab8) = 0
ioctl(4, SNDRV_PCM_IOCTL_SYNC_PTR, 0x2e858) = 0
read(3, "\205\360\210\376S\355c\3734\352\266\367\272\347\340\363\324\345u\360\316\344\n\356C\3450\355+\347\233\355"..., 8192) = 8192
ioctl(4, SNDRV_PCM_IOCTL_WRITEI_FRAMES, 0xbef92ab8) = 0
ioctl(4, SNDRV_PCM_IOCTL_SYNC_PTR, 0x2e858) = 0
read(3, "R\352\366\2\247\347V\377;\347@\374\211\350B\371\366\347|\367\325\345\0\367B\343\321\372\325\340\354\375"..., 8192) = 8192
ioctl(4, SNDRV_PCM_IOCTL_WRITEI_FRAMES, 0xbef92ab8) = 0
ioctl(4, SNDRV_PCM_IOCTL_SYNC_PTR, 0x2e858) = 0
read(3, "\366,\264\22\311.\300\22\33.\302\23{+\327\24\316'\234\24\327#9\0231!`\21\277\37\317\17"..., 8192) = 8192
ioctl(4, SNDRV_PCM_IOCTL_WRITEI_FRAMES, 0xbef92ab8) = 0
ioctl(4, SNDRV_PCM_IOCTL_SYNC_PTR, 0x2e858) = 0
read(3, "3\370\345\360\364\370Q\362\252\370\304\362\345\367\t\362E\366\351\357}\364\227\354\336\362\350\350\354\361\322\345"..., 8192) = 8192
ioctl(4, SNDRV_PCM_IOCTL_WRITEI_FRAMES, 0xbef92ab8) = 0
ioctl(4, SNDRV_PCM_IOCTL_SYNC_PTR, 0x2e858) = 0
read(3, "\255\376\1\5.\3751\4v\372\257\2\365\366\36\1\n\364\1\0\372\361\311\3771\361q\0\235\361\346\1"..., 8192) = 8192
ioctl(4, SNDRV_PCM_IOCTL_WRITEI_FRAMES, 0xbef92ab8) = 0
ioctl(4, SNDRV_PCM_IOCTL_SYNC_PTR, 0x2e858) = 0
read(3, "\37\363}\7\301\366K\7\31\373\241\6b\377\207\5\6\3 \4\323\5\360\2r\7S\2t\7\217\2"..., 8192) = 8192
ioctl(4, SNDRV_PCM_IOCTL_WRITEI_FRAMES, 0xbef92ab8) = 0
ioctl(4, SNDRV_PCM_IOCTL_SYNC_PTR, 0x2e858) = 0
read(3, "0\31\222\5J\32\341\4.\31\25\4i\26%\3\352\0229\2\270\17\266\1\352\f\232\0018\n_\1"..., 8192) = 8192
ioctl(4, SNDRV_PCM_IOCTL_WRITEI_FRAMES, 0xbef92ab8) = 0
ioctl(4, SNDRV_PCM_IOCTL_SYNC_PTR, 0x2e858) = 0
read(3, "\356\t\365\v)\t\371\v\365\0070\f\364\5\24\fi\3k\v\30\1\251\n\27\0001\n\233\0\6\n"..., 8192) = 8192
ioctl(4, SNDRV_PCM_IOCTL_WRITEI_FRAMES, 0xbef92ab8) = 0
ioctl(4, SNDRV_PCM_IOCTL_SYNC_PTR, 0x2e858) = 0
read(3, "k\4\214\373\3\4\377\374\21\4\256\376~\3\224\0\"\3Q\2t\3\227\3\267\4\27\4\265\5\304\3"..., 8192) = 8192
ioctl(4, SNDRV_PCM_IOCTL_WRITEI_FRAMES, 0xbef92ab8) = 0
ioctl(4, SNDRV_PCM_IOCTL_SYNC_PTR, 0x2e858) = 0
read(3, "\230\3\322\0\247\4\27\3772\6\t\376p\10\325\375i\n\300\375\262\t\273\374\252\7\330\372\266\7q\371"..., 8192) = 8192
ioctl(4, SNDRV_PCM_IOCTL_WRITEI_FRAMES, 0xbef92ab8) = 0
ioctl(4, SNDRV_PCM_IOCTL_SYNC_PTR, 0x2e858) = 0
read(3, "9\371\277\373_\372\261\373\226\373u\3740\376>\376\370\0\216\0k\2\203\2=\2>\3I\377i\2"..., 8192) = 8192
ioctl(4, SNDRV_PCM_IOCTL_WRITEI_FRAMES, 0xbef92ab8) = 0
ioctl(4, SNDRV_PCM_IOCTL_SYNC_PTR, 0x2e858) = 0
read(3, "o\364r\1\207\365\221\1\307\365)\1\324\365P\0\234\365`\377A\365l\376\1\365R\375{\364)\374"..., 8192) = 8192
ioctl(4, SNDRV_PCM_IOCTL_WRITEI_FRAMES, 0xbef92ab8) = 0
ioctl(4, SNDRV_PCM_IOCTL_SYNC_PTR, 0x2e858) = 0
read(3, "O\n\213\0175\n=\16\362\t\1\r'\nd\f'\n\354\v\334\10%\v\310\6\307\tA\5\n\10"..., 8192) = 8192
ioctl(4, SNDRV_PCM_IOCTL_WRITEI_FRAMES, 0xbef92ab8) = 0
ioctl(4, SNDRV_PCM_IOCTL_SYNC_PTR, 0x2e858) = 0
read(3, "\343\0D\374\333\1\300\376k\3\"\1\350\4\6\3i\5$\4\313\4T\4j\3\0\4r\2\347\3"..., 8192) = 8192
ioctl(4, SNDRV_PCM_IOCTL_WRITEI_FRAMES, 0xbef92ab8) = 0
ioctl(4, SNDRV_PCM_IOCTL_SYNC_PTR, 0x2e858) = 0
read(3, "I\375\35\373\233\375\346\373\333\376Y\374\341\377S\374\301\377\367\373f\377{\373\27\377\223\372\220\376\266\370"..., 8192) = 8192
ioctl(4, SNDRV_PCM_IOCTL_WRITEI_FRAMES, 0xbef92ab8) = 0
ioctl(4, SNDRV_PCM_IOCTL_SYNC_PTR, 0x2e858) = 0
read(3, "\223\1\373\3\344\0\323\3;\1\250\3\250\2\242\3\272\4\227\3n\6k\3\"\7*\3\27\6\\\2"..., 8192) = 8192
ioctl(4, SNDRV_PCM_IOCTL_WRITEI_FRAMES, 0xbef92ab8) = 0
ioctl(4, SNDRV_PCM_IOCTL_SYNC_PTR, 0x2e858) = 0
read(3, "=\37l\2\276\36\276\1c\37u\2\213!B\4l$\366\5f&j\7\22'!\t\231'G\v"..., 8192) = 8192
ioctl(4, SNDRV_PCM_IOCTL_WRITEI_FRAMES, 0xbef92ab8) = 0
ioctl(4, SNDRV_PCM_IOCTL_SYNC_PTR, 0x2e858) = 0
read(3, "a\314E\353\236\314Y\353\20\316\350\352\253\320\343\351Y\322_\350p\324g\347\26\326\\\347\\\326\353\347"..., 8192) = 8192
ioctl(4, SNDRV_PCM_IOCTL_WRITEI_FRAMES, 0xbef92ab8) = 0
ioctl(4, SNDRV_PCM_IOCTL_SYNC_PTR, 0x2e858) = 0
read(3, "\255\6\332\0179\fp\21\343\v&\20\320\7\370\r\230\4\321\r3\3\302\17\372\5\351\22\16\vX\25"..., 8192) = 8192
ioctl(4, SNDRV_PCM_IOCTL_WRITEI_FRAMES, 0xbef92ab8) = 0
ioctl(4, SNDRV_PCM_IOCTL_SYNC_PTR, 0x2e858) = 0
read(3, "A\365g\356\304\362\4\356\16\361\v\356e\361\242\356\364\362\306\357\330\364\36\361\370\366O\362}\3717\363"..., 8192) = 8192
ioctl(4, SNDRV_PCM_IOCTL_WRITEI_FRAMES, 0xbef92ab8) = 0
ioctl(4, SNDRV_PCM_IOCTL_SYNC_PTR, 0x2e858) = 0
read(3, "\314\4\237\r\207\6\251\16\371\10E\17\1\vO\17\34\f\260\16\331\v\32\16g\n\241\r\376\10#\r"..., 8192) = 8192
ioctl(4, SNDRV_PCM_IOCTL_WRITEI_FRAMES, 0xbef92ab8) = 0
ioctl(4, SNDRV_PCM_IOCTL_SYNC_PTR, 0x2e858) = 0
read(3, "\203\f\377\22\333\f\246\24\34\r!\26\350\fB\27\n\f\344\27\361\n\325\27\310\t\376\26{\10w\25"..., 8192) = 8192
ioctl(4, SNDRV_PCM_IOCTL_WRITEI_FRAMES, 0xbef92ab8) = 0
ioctl(4, SNDRV_PCM_IOCTL_SYNC_PTR, 0x2e858) = 0
read(3, "\256\367\310\364\\\371\270\365\346\373}\366}\376\347\366\263\0\f\367\376\2A\367\272\4\253\367_\5<\370"..., 8192) = 8192
ioctl(4, SNDRV_PCM_IOCTL_WRITEI_FRAMES, 0xbef92ab8) = 0
ioctl(4, SNDRV_PCM_IOCTL_SYNC_PTR, 0x2e858) = 0
read(3, "\313\7\1\2]\5$\2\334\3\272\1G\3\340\0\"\3\34\0;\3\330\377Z\3\351\377\207\2\365\377"..., 8192) = 8192
ioctl(4, SNDRV_PCM_IOCTL_WRITEI_FRAMES, 0xbef92ab8) = 0
ioctl(4, SNDRV_PCM_IOCTL_SYNC_PTR, 0x2e858) = 0
read(3, "[\364`\367\217\364\353\367\313\363}\370C\362\317\370b\360\277\370U\357\215\370\274\357U\370\376\360\23\370"..., 8192) = 8192
ioctl(4, SNDRV_PCM_IOCTL_WRITEI_FRAMES, 0xbef92ab8) = 0
ioctl(4, SNDRV_PCM_IOCTL_SYNC_PTR, 0x2e858) = 0
read(3, "J\375\352\375\270\374\344\375\335\373\224\376@\373n\377\250\372\242\377\34\372\352\376d\372\212\375\230\373J\374"..., 8192) = 8192
ioctl(4, SNDRV_PCM_IOCTL_WRITEI_FRAMES, 0xbef92ab8) = 0
ioctl(4, SNDRV_PCM_IOCTL_SYNC_PTR, 0x2e858) = 0
read(3, "\16\v\277\7\325\f\262\10\0\16\271\t\224\16\227\n|\16\317\n\37\16h\nf\r\321\t'\f'\t"..., 8192) = 8192
ioctl(4, SNDRV_PCM_IOCTL_WRITEI_FRAMES, 0xbef92ab8) = 0
ioctl(4, SNDRV_PCM_IOCTL_SYNC_PTR, 0x2e858) = 0
read(3, "\327\1 \374>\2\333\374\243\2\352\375\327\2\35\377\4\3\r\0\321\2\313\0\243\2\225\1\215\2I\2"..., 8192) = 8192
ioctl(4, SNDRV_PCM_IOCTL_WRITEI_FRAMES, 0xbef92ab8) = 0
ioctl(4, SNDRV_PCM_IOCTL_SYNC_PTR, 0x2e858) = 0
read(3, "H\377\305\1\23\376#\1\365\375[\0\244\376\204\377#\377\226\376>\377\300\375<\377\362\374J\377\374\373"..., 8192) = 8192
ioctl(4, SNDRV_PCM_IOCTL_WRITEI_FRAMES, 0xbef92ab8) = 0
ioctl(4, SNDRV_PCM_IOCTL_SYNC_PTR, 0x2e858) = 0
read(3, "\350\364\261\373w\364\344\372S\365\246\372\302\366\354\372;\370\240\373U\371\207\374\35\372N\375'\373\2\376"..., 8192) = 8192
ioctl(4, SNDRV_PCM_IOCTL_WRITEI_FRAMES, 0xbef92ab8) = 0
ioctl(4, SNDRV_PCM_IOCTL_SYNC_PTR, 0x2e858) = 0
read(3, "\332\1\366\374\322\1<\374\213\1\5\374_\1U\374M\1\363\374\227\0\236\375\372\3776\376z\377\256\376"..., 8192) = 8192
ioctl(4, SNDRV_PCM_IOCTL_WRITEI_FRAMES, 0xbef92ab8) = 0
ioctl(4, SNDRV_PCM_IOCTL_SYNC_PTR, 0x2e858) = 0
read(3, "\2\1\312\4\204\0s\4\2\1\203\3f\2V\2\324\3N\1\234\4\323\0\241\4)\1Y\4\316\1"..., 8192) = 8192
ioctl(4, SNDRV_PCM_IOCTL_WRITEI_FRAMES, 0xbef92ab8) = 0
ioctl(4, SNDRV_PCM_IOCTL_SYNC_PTR, 0x2e858) = 0
read(3, "C\375\310\374X\376\230\374\250\376\261\374V\376\327\374\367\375\321\374\366\375\236\374\235\376\206\374\352\377\375\374"..., 8192) = 8192
ioctl(4, SNDRV_PCM_IOCTL_WRITEI_FRAMES, 0xbef92ab8) = 0
ioctl(4, SNDRV_PCM_IOCTL_SYNC_PTR, 0x2e858) = 0
read(3, "\376\1\221\377\207\1\237\377?\1\270\377\361\0\335\377l\0\372\377\313\377\10\0\5\377\367\377\26\376\324\377"..., 8192) = 8192
ioctl(4, SNDRV_PCM_IOCTL_WRITEI_FRAMES, 0xbef92ab8) = 0
ioctl(4, SNDRV_PCM_IOCTL_SYNC_PTR, 0x2e858) = 0
read(3, "\33\376#\2\360\374r\2\315\374\344\2\370\375t\3\206\377\3\4z\0e\4\247\0z\4\320\377Y\4"..., 8192) = 8192
ioctl(4, SNDRV_PCM_IOCTL_WRITEI_FRAMES, 0xbef92ab8) = 0
ioctl(4, SNDRV_PCM_IOCTL_SYNC_PTR, 0x2e858) = 0
read(3, "\260\377\325\1:\377\37\2\373\376\36\2\323\376\351\1\233\376\177\1x\376\373\0\177\376\244\0\264\376\230\0"..., 8192) = 8192
ioctl(4, SNDRV_PCM_IOCTL_WRITEI_FRAMES, 0xbef92ab8) = 0
ioctl(4, SNDRV_PCM_IOCTL_SYNC_PTR, 0x2e858) = 0
read(3, "\1\0\353\1p\0\n\2f\0\33\2\346\377\26\2k\377\r\2@\377\26\2\300\377\33\2\272\0\5\2"..., 8192) = 8192
ioctl(4, SNDRV_PCM_IOCTL_WRITEI_FRAMES, 0xbef92ab8) = 0
ioctl(4, SNDRV_PCM_IOCTL_SYNC_PTR, 0x2e858) = 0
read(3, "\217\377=\376\245\377\347\375\273\377\256\375\363\377\230\375S\0\254\375\221\0\375\375\253\0\207\376\216\0&\377"..., 8192) = 8192
ioctl(4, SNDRV_PCM_IOCTL_WRITEI_FRAMES, 0xbef92ab8) = 0
ioctl(4, SNDRV_PCM_IOCTL_SYNC_PTR, 0x2e858) = 0
read(3, "\272\377k\375\304\3777\375\335\377\367\374\373\377\303\374\0\0\247\374\347\377\255\374\301\377\302\374\232\377\317\374"..., 8192) = 8192
ioctl(4, SNDRV_PCM_IOCTL_WRITEI_FRAMES, 0xbef92ab8) = 0
ioctl(4, SNDRV_PCM_IOCTL_SYNC_PTR, 0x2e858) = 0
read(3, "h\377\267\0016\377\31\2-\377\\\2k\377\204\2\276\377\227\2\366\377\223\2\33\0p\2%\0%\2"..., 8192) = 8192
ioctl(4, SNDRV_PCM_IOCTL_WRITEI_FRAMES, 0xbef92ab8) = 0
ioctl(4, SNDRV_PCM_IOCTL_SYNC_PTR, 0x2e858) = 0
read(3, "T\0\226\377\216\0\304\377\227\0\367\377o\0(\0006\0S\0\372\377\203\0\346\377\271\0\366\377\332\0"..., 8192) = 8192
ioctl(4, SNDRV_PCM_IOCTL_WRITEI_FRAMES, 0xbef92ab8) = 0
ioctl(4, SNDRV_PCM_IOCTL_SYNC_PTR, 0x2e858) = 0
read(3, "\20\0|\0\t\0r\0\364\377\\\0\340\377?\0\345\3773\0\373\377B\0\t\0Z\0\7\0a\0"..., 8192) = 8192
ioctl(4, SNDRV_PCM_IOCTL_WRITEI_FRAMES, 0xbef92ab8) = 0
ioctl(4, SNDRV_PCM_IOCTL_SYNC_PTR, 0x2e858) = 0
read(3, "\362\377\21\0\5\0\t\0\20\0\6\0\30\0\f\0&\0\32\0008\0-\0A\0>\0A\0I\0"..., 8192) = 8192
ioctl(4, SNDRV_PCM_IOCTL_WRITEI_FRAMES, 0xbef92ab8) = 0
ioctl(4, SNDRV_PCM_IOCTL_SYNC_PTR, 0x2e858) = 0
read(3, "\342\377\357\377\351\377\353\377\371\377\347\377\f\0\350\377\33\0\356\377!\0\366\377\32\0\373\377\n\0\372\377"..., 8192) = 8192
ioctl(4, SNDRV_PCM_IOCTL_WRITEI_FRAMES, 0xbef92ab8) = 0
ioctl(4, SNDRV_PCM_IOCTL_SYNC_PTR, 0x2e858) = 0
read(3, "\341\377\364\377\346\377\353\377\353\377\345\377\357\377\345\377\367\377\356\377\375\377\370\377\377\377\377\377\375\377\0\0"..., 8192) = 8192
ioctl(4, SNDRV_PCM_IOCTL_WRITEI_FRAMES, 0xbef92ab8) = 0
ioctl(4, SNDRV_PCM_IOCTL_SYNC_PTR, 0x2e858) = 0
read(3, "\345\377\361\377\345\377\361\377\342\377\361\377\335\377\360\377\332\377\357\377\341\377\361\377\361\377\366\377\0\0\375\377"..., 8192) = 8192
ioctl(4, SNDRV_PCM_IOCTL_WRITEI_FRAMES, 0xbef92ab8) = 0
ioctl(4, SNDRV_PCM_IOCTL_SYNC_PTR, 0x2e858) = 0
read(3, "\1\0\4\0\3\0\3\0\1\0\0\0\0\0\2\0\377\377\375\377\373\377\370\377\374\377\373\377\0\0\0\0"..., 8192) = 8192
ioctl(4, SNDRV_PCM_IOCTL_WRITEI_FRAMES, 0xbef92ab8) = 0
ioctl(4, SNDRV_PCM_IOCTL_SYNC_PTR, 0x2e858) = 0
read(3, "\0\0\5\0\1\0\2\0\3\0\1\0\3\0\5\0\1\0\10\0\377\377\t\0\372\377\10\0\371\377\3\0"..., 8192) = 8192
ioctl(4, SNDRV_PCM_IOCTL_WRITEI_FRAMES, 0xbef92ab8) = 0
ioctl(4, SNDRV_PCM_IOCTL_SYNC_PTR, 0x2e858) = 0
read(3, "\0\0\364\377\0\0\364\377\377\377\364\377\0\0\367\377\1\0\374\377\0\0\375\377\0\0\375\377\377\377\376\377"..., 8192) = 8192
ioctl(4, SNDRV_PCM_IOCTL_WRITEI_FRAMES, 0xbef92ab8) = 0
ioctl(4, SNDRV_PCM_IOCTL_SYNC_PTR, 0x2e858) = 0
read(3, "\0\0\0\0\0\0\0\0\0\0\0\0\0\0\0\0\0\0\0\0\0\0\0\0\0\0\0\0\0\0\0\0"..., 8192) = 8192
ioctl(4, SNDRV_PCM_IOCTL_WRITEI_FRAMES, 0xbef92ab8) = 0
ioctl(4, SNDRV_PCM_IOCTL_SYNC_PTR, 0x2e858) = 0
read(3, "\0\0\0\0\0\0\0\0\0\0\0\0\0\0\0\0\0\0\0\0\0\0\0\0\0\0\0\0\0\0\0\0"..., 8192) = 8192
ioctl(4, SNDRV_PCM_IOCTL_WRITEI_FRAMES, 0xbef92ab8) = 0
ioctl(4, SNDRV_PCM_IOCTL_SYNC_PTR, 0x2e858) = 0
read(3, "\0\0\0\0\0\0\0\0\0\0\0\0\0\0\0\0\0\0\0\0\0\0\0\0\0\0\0\0\0\0\0\0"..., 8192) = 8192
ioctl(4, SNDRV_PCM_IOCTL_WRITEI_FRAMES, 0xbef92ab8) = 0
ioctl(4, SNDRV_PCM_IOCTL_SYNC_PTR, 0x2e858) = 0
read(3, "\0\0\0\0\0\0\0\0\0\0\0\0\0\0\0\0\0\0\0\0\0\0\0\0\0\0\0\0\0\0\0\0"..., 8192) = 8192
ioctl(4, SNDRV_PCM_IOCTL_WRITEI_FRAMES, 0xbef92ab8) = 0
ioctl(4, SNDRV_PCM_IOCTL_SYNC_PTR, 0x2e858) = 0
read(3, "\0\0\0\0\0\0\0\0\0\0\0\0\0\0\0\0\0\0\0\0\0\0\0\0\0\0\0\0\0\0\0\0"..., 8192) = 8192
ioctl(4, SNDRV_PCM_IOCTL_WRITEI_FRAMES, 0xbef92ab8) = 0
ioctl(4, SNDRV_PCM_IOCTL_SYNC_PTR, 0x2e858) = 0
read(3, "\0\0\0\0\0\0\0\0\0\0\0\0\0\0\0\0\0\0\0\0\0\0\0\0\0\0\0\0\0\0\0\0"..., 8192) = 8192
ioctl(4, SNDRV_PCM_IOCTL_WRITEI_FRAMES, 0xbef92ab8) = 0
ioctl(4, SNDRV_PCM_IOCTL_SYNC_PTR, 0x2e858) = 0
read(3, "\0\0\0\0\0\0\0\0\0\0\0\0\0\0\0\0\0\0\0\0\0\0\0\0\0\0\0\0\0\0\0\0"..., 5456) = 5456
ioctl(4, SNDRV_PCM_IOCTL_WRITEI_FRAMES, 0xbef92ab8) = 0
ioctl(4, SNDRV_PCM_IOCTL_SYNC_PTR, 0x2e858) = 0
fcntl64(4, F_GETFL)                     = 0x80002 (flags O_RDWR|O_CLOEXEC)
fcntl64(4, F_SETFL, O_RDWR|O_CLOEXEC)   = 0
ioctl(4, SNDRV_PCM_IOCTL_DRAIN, 0xc50a4) = 0
fcntl64(4, F_GETFL)                     = 0x80002 (flags O_RDWR|O_CLOEXEC)
fcntl64(4, F_SETFL, O_RDWR|O_CLOEXEC)   = 0
close(3)                                = 0
ioctl(4, SNDRV_PCM_IOCTL_DROP, 0xc51ac) = 0
ioctl(4, SNDRV_PCM_IOCTL_HW_FREE, 0)    = 0
close(4)                                = 0
exit_group(0)                           = ?
+++ exited with 0 +++
